<?xml version="1.0" encoding="UTF-8"?>
<testng-results ignored="0" total="2" passed="0" failed="2" skipped="0">
  <reporter-output>
    <line>
      <![CDATA[----Applictaion is being setup for the execution---]]>
    </line>
    <line>
      <![CDATA[---Application is all ready for the test exeuction---]]>
    </line>
    <line>
      <![CDATA[--Test Execution has been completed.Closing the Application--]]>
    </line>
    <line>
      <![CDATA[----Applictaion is being setup for the execution---]]>
    </line>
    <line>
      <![CDATA[---Application is all ready for the test exeuction---]]>
    </line>
    <line>
      <![CDATA[--Test Execution has been completed.Closing the Application--]]>
    </line>
  </reporter-output>
  <suite started-at="2022-05-07T13:15:16 IST" name="Default suite" finished-at="2022-05-07T13:15:31 IST" duration-ms="14997">
    <groups>
    </groups>
    <test started-at="2022-05-07T13:15:16 IST" name="Default test" finished-at="2022-05-07T13:15:31 IST" duration-ms="14997">
      <class name="amazonTest.Homepage.homePageTest">
        <test-method is-config="true" signature="setUp()[pri:0, instance:amazonTest.Homepage.homePageTest@6af93788]" started-at="2022-05-07T13:15:16 IST" name="setUp" finished-at="2022-05-07T13:15:16 IST" duration-ms="58" status="PASS">
          <reporter-output>
          </reporter-output>
        </test-method> <!-- setUp -->
        <test-method is-config="true" signature="setup()[pri:0, instance:amazonTest.Homepage.homePageTest@6af93788]" started-at="2022-05-07T13:15:16 IST" name="setup" finished-at="2022-05-07T13:15:25 IST" duration-ms="8911" status="PASS">
          <reporter-output>
            <line>
              <![CDATA[----Applictaion is being setup for the execution---]]>
            </line>
            <line>
              <![CDATA[---Application is all ready for the test exeuction---]]>
            </line>
          </reporter-output>
        </test-method> <!-- setup -->
        <test-method signature="checkLogo()[pri:0, instance:amazonTest.Homepage.homePageTest@6af93788]" started-at="2022-05-07T13:15:25 IST" name="checkLogo" finished-at="2022-05-07T13:15:25 IST" duration-ms="10" status="FAIL">
          <exception class="java.lang.NullPointerException">
            <message>
              <![CDATA[Cannot invoke "org.openqa.selenium.SearchContext.findElement(org.openqa.selenium.By)" because "this.searchContext" is null]]>
            </message>
            <full-stacktrace>
              <![CDATA[java.lang.NullPointerException: Cannot invoke "org.openqa.selenium.SearchContext.findElement(org.openqa.selenium.By)" because "this.searchContext" is null
at org.openqa.selenium.support.pagefactory.DefaultElementLocator.findElement(DefaultElementLocator.java:70)
at org.openqa.selenium.support.pagefactory.internal.LocatingElementHandler.invoke(LocatingElementHandler.java:39)
at jdk.proxy2/jdk.proxy2.$Proxy13.isDisplayed(Unknown Source)
at PageObjects.homePage.logoValidate(homePage.java:56)
at amazonTest.Homepage.homePageTest.checkLogo(homePageTest.java:31)
at java.base/jdk.internal.reflect.NativeMethodAccessorImpl.invoke0(Native Method)
at java.base/jdk.internal.reflect.NativeMethodAccessorImpl.invoke(NativeMethodAccessorImpl.java:77)
at java.base/jdk.internal.reflect.DelegatingMethodAccessorImpl.invoke(DelegatingMethodAccessorImpl.java:43)
at java.base/java.lang.reflect.Method.invoke(Method.java:568)
at org.testng.internal.MethodInvocationHelper.invokeMethod(MethodInvocationHelper.java:133)
at org.testng.internal.TestInvoker.invokeMethod(TestInvoker.java:598)
at org.testng.internal.TestInvoker.invokeTestMethod(TestInvoker.java:173)
at org.testng.internal.MethodRunner.runInSequence(MethodRunner.java:46)
at org.testng.internal.TestInvoker$MethodInvocationAgent.invoke(TestInvoker.java:824)
at org.testng.internal.TestInvoker.invokeTestMethods(TestInvoker.java:146)
at org.testng.internal.TestMethodWorker.invokeTestMethods(TestMethodWorker.java:146)
at org.testng.internal.TestMethodWorker.run(TestMethodWorker.java:128)
at java.base/java.util.ArrayList.forEach(ArrayList.java:1511)
at org.testng.TestRunner.privateRun(TestRunner.java:794)
at org.testng.TestRunner.run(TestRunner.java:596)
at org.testng.SuiteRunner.runTest(SuiteRunner.java:377)
at org.testng.SuiteRunner.runSequentially(SuiteRunner.java:371)
at org.testng.SuiteRunner.privateRun(SuiteRunner.java:332)
at org.testng.SuiteRunner.run(SuiteRunner.java:276)
at org.testng.SuiteRunnerWorker.runSuite(SuiteRunnerWorker.java:53)
at org.testng.SuiteRunnerWorker.run(SuiteRunnerWorker.java:96)
at org.testng.TestNG.runSuitesSequentially(TestNG.java:1212)
at org.testng.TestNG.runSuitesLocally(TestNG.java:1134)
at org.testng.TestNG.runSuites(TestNG.java:1063)
at org.testng.TestNG.run(TestNG.java:1031)
at org.testng.remote.AbstractRemoteTestNG.run(AbstractRemoteTestNG.java:115)
at org.testng.remote.RemoteTestNG.initAndRun(RemoteTestNG.java:251)
at org.testng.remote.RemoteTestNG.main(RemoteTestNG.java:77)
]]>
            </full-stacktrace>
          </exception> <!-- java.lang.NullPointerException -->
          <reporter-output>
          </reporter-output>
        </test-method> <!-- checkLogo -->
        <test-method is-config="true" signature="tearDown()[pri:0, instance:amazonTest.Homepage.homePageTest@6af93788]" started-at="2022-05-07T13:15:25 IST" name="tearDown" finished-at="2022-05-07T13:15:25 IST" duration-ms="187" status="PASS">
          <reporter-output>
            <line>
              <![CDATA[--Test Execution has been completed.Closing the Application--]]>
            </line>
          </reporter-output>
        </test-method> <!-- tearDown -->
        <test-method is-config="true" signature="setup()[pri:0, instance:amazonTest.Homepage.homePageTest@6af93788]" started-at="2022-05-07T13:15:25 IST" name="setup" finished-at="2022-05-07T13:15:31 IST" duration-ms="5554" status="PASS">
          <reporter-output>
            <line>
              <![CDATA[----Applictaion is being setup for the execution---]]>
            </line>
            <line>
              <![CDATA[---Application is all ready for the test exeuction---]]>
            </line>
          </reporter-output>
        </test-method> <!-- setup -->
        <test-method signature="searchProduct()[pri:1, instance:amazonTest.Homepage.homePageTest@6af93788]" started-at="2022-05-07T13:15:31 IST" name="searchProduct" finished-at="2022-05-07T13:15:31 IST" duration-ms="4" status="FAIL">
          <exception class="java.lang.NullPointerException">
            <message>
              <![CDATA[Cannot invoke "org.openqa.selenium.SearchContext.findElement(org.openqa.selenium.By)" because "this.searchContext" is null]]>
            </message>
            <full-stacktrace>
              <![CDATA[java.lang.NullPointerException: Cannot invoke "org.openqa.selenium.SearchContext.findElement(org.openqa.selenium.By)" because "this.searchContext" is null
at org.openqa.selenium.support.pagefactory.DefaultElementLocator.findElement(DefaultElementLocator.java:70)
at org.openqa.selenium.support.pagefactory.internal.LocatingElementHandler.invoke(LocatingElementHandler.java:39)
at jdk.proxy2/jdk.proxy2.$Proxy13.sendKeys(Unknown Source)
at PageObjects.homePage.search(homePage.java:41)
at amazonTest.Homepage.homePageTest.searchProduct(homePageTest.java:38)
at java.base/jdk.internal.reflect.NativeMethodAccessorImpl.invoke0(Native Method)
at java.base/jdk.internal.reflect.NativeMethodAccessorImpl.invoke(NativeMethodAccessorImpl.java:77)
at java.base/jdk.internal.reflect.DelegatingMethodAccessorImpl.invoke(DelegatingMethodAccessorImpl.java:43)
at java.base/java.lang.reflect.Method.invoke(Method.java:568)
at org.testng.internal.MethodInvocationHelper.invokeMethod(MethodInvocationHelper.java:133)
at org.testng.internal.TestInvoker.invokeMethod(TestInvoker.java:598)
at org.testng.internal.TestInvoker.invokeTestMethod(TestInvoker.java:173)
at org.testng.internal.MethodRunner.runInSequence(MethodRunner.java:46)
at org.testng.internal.TestInvoker$MethodInvocationAgent.invoke(TestInvoker.java:824)
at org.testng.internal.TestInvoker.invokeTestMethods(TestInvoker.java:146)
at org.testng.internal.TestMethodWorker.invokeTestMethods(TestMethodWorker.java:146)
at org.testng.internal.TestMethodWorker.run(TestMethodWorker.java:128)
at java.base/java.util.ArrayList.forEach(ArrayList.java:1511)
at org.testng.TestRunner.privateRun(TestRunner.java:794)
at org.testng.TestRunner.run(TestRunner.java:596)
at org.testng.SuiteRunner.runTest(SuiteRunner.java:377)
at org.testng.SuiteRunner.runSequentially(SuiteRunner.java:371)
at org.testng.SuiteRunner.privateRun(SuiteRunner.java:332)
at org.testng.SuiteRunner.run(SuiteRunner.java:276)
at org.testng.SuiteRunnerWorker.runSuite(SuiteRunnerWorker.java:53)
at org.testng.SuiteRunnerWorker.run(SuiteRunnerWorker.java:96)
at org.testng.TestNG.runSuitesSequentially(TestNG.java:1212)
at org.testng.TestNG.runSuitesLocally(TestNG.java:1134)
at org.testng.TestNG.runSuites(TestNG.java:1063)
at org.testng.TestNG.run(TestNG.java:1031)
at org.testng.remote.AbstractRemoteTestNG.run(AbstractRemoteTestNG.java:115)
at org.testng.remote.RemoteTestNG.initAndRun(RemoteTestNG.java:251)
at org.testng.remote.RemoteTestNG.main(RemoteTestNG.java:77)
]]>
            </full-stacktrace>
          </exception> <!-- java.lang.NullPointerException -->
          <reporter-output>
          </reporter-output>
        </test-method> <!-- searchProduct -->
        <test-method is-config="true" signature="tearDown()[pri:0, instance:amazonTest.Homepage.homePageTest@6af93788]" started-at="2022-05-07T13:15:31 IST" name="tearDown" finished-at="2022-05-07T13:15:31 IST" duration-ms="215" status="PASS">
          <reporter-output>
            <line>
              <![CDATA[--Test Execution has been completed.Closing the Application--]]>
            </line>
          </reporter-output>
        </test-method> <!-- tearDown -->
      </class> <!-- amazonTest.Homepage.homePageTest -->
    </test> <!-- Default test -->
  </suite> <!-- Default suite -->
</testng-results>
